0 info it worked if it ends with ok
1 verbose cli [ '/usr/local/bin/node', '/usr/local/bin/npm', 'publish' ]
2 info using npm@1.3.14
3 info using node@v0.10.22
4 verbose publish [ '.' ]
5 verbose cache add [ '.', null ]
6 verbose cache add name=undefined spec="." args=[".",null]
7 verbose parsed url { protocol: null,
7 verbose parsed url   slashes: null,
7 verbose parsed url   auth: null,
7 verbose parsed url   host: null,
7 verbose parsed url   port: null,
7 verbose parsed url   hostname: null,
7 verbose parsed url   hash: null,
7 verbose parsed url   search: null,
7 verbose parsed url   query: null,
7 verbose parsed url   pathname: '.',
7 verbose parsed url   path: '.',
7 verbose parsed url   href: '.' }
8 silly lockFile 3a52ce78- .
9 verbose lock . /home/IDEAIS/jeferson.leao/.npm/3a52ce78-.lock
10 verbose tar pack [ '/home/IDEAIS/jeferson.leao/tmp/npm-13950-ZJuSHS_D/1404924727484-0.0735758941154927/tmp.tgz',
10 verbose tar pack   '.' ]
11 verbose tarball /home/IDEAIS/jeferson.leao/tmp/npm-13950-ZJuSHS_D/1404924727484-0.0735758941154927/tmp.tgz
12 verbose folder .
13 info prepublish nsh@0.0.0
14 silly lockFile 1f1177db-tar tar://.
15 verbose lock tar://. /home/IDEAIS/jeferson.leao/.npm/1f1177db-tar.lock
16 silly lockFile 9bc5217e-27484-0-0735758941154927-tmp-tgz tar:///home/IDEAIS/jeferson.leao/tmp/npm-13950-ZJuSHS_D/1404924727484-0.0735758941154927/tmp.tgz
17 verbose lock tar:///home/IDEAIS/jeferson.leao/tmp/npm-13950-ZJuSHS_D/1404924727484-0.0735758941154927/tmp.tgz /home/IDEAIS/jeferson.leao/.npm/9bc5217e-27484-0-0735758941154927-tmp-tgz.lock
18 silly lockFile 1f1177db-tar tar://.
19 silly lockFile 1f1177db-tar tar://.
20 silly lockFile 9bc5217e-27484-0-0735758941154927-tmp-tgz tar:///home/IDEAIS/jeferson.leao/tmp/npm-13950-ZJuSHS_D/1404924727484-0.0735758941154927/tmp.tgz
21 silly lockFile 9bc5217e-27484-0-0735758941154927-tmp-tgz tar:///home/IDEAIS/jeferson.leao/tmp/npm-13950-ZJuSHS_D/1404924727484-0.0735758941154927/tmp.tgz
22 verbose tar unpack /home/IDEAIS/jeferson.leao/tmp/npm-13950-ZJuSHS_D/1404924727484-0.0735758941154927/tmp.tgz
23 silly lockFile ecc70c6e-27484-0-0735758941154927-package tar:///home/IDEAIS/jeferson.leao/tmp/npm-13950-ZJuSHS_D/1404924727484-0.0735758941154927/package
24 verbose lock tar:///home/IDEAIS/jeferson.leao/tmp/npm-13950-ZJuSHS_D/1404924727484-0.0735758941154927/package /home/IDEAIS/jeferson.leao/.npm/ecc70c6e-27484-0-0735758941154927-package.lock
25 silly lockFile 9bc5217e-27484-0-0735758941154927-tmp-tgz tar:///home/IDEAIS/jeferson.leao/tmp/npm-13950-ZJuSHS_D/1404924727484-0.0735758941154927/tmp.tgz
26 verbose lock tar:///home/IDEAIS/jeferson.leao/tmp/npm-13950-ZJuSHS_D/1404924727484-0.0735758941154927/tmp.tgz /home/IDEAIS/jeferson.leao/.npm/9bc5217e-27484-0-0735758941154927-tmp-tgz.lock
27 silly gunzTarPerm modes [ '755', '644' ]
28 silly gunzTarPerm extractEntry package.json
29 silly gunzTarPerm extractEntry .npmignore
30 silly gunzTarPerm extractEntry index.js
31 silly gunzTarPerm modified mode [ 'index.js', 438, 420 ]
32 silly gunzTarPerm extractEntry lib/history.js
33 silly gunzTarPerm modified mode [ 'lib/history.js', 438, 420 ]
34 silly gunzTarPerm extractEntry lib/io.js
35 silly gunzTarPerm modified mode [ 'lib/io.js', 438, 420 ]
36 silly gunzTarPerm extractEntry lib/ioloop.js
37 silly gunzTarPerm modified mode [ 'lib/ioloop.js', 438, 420 ]
38 silly gunzTarPerm extractEntry lib/session.js
39 silly gunzTarPerm modified mode [ 'lib/session.js', 438, 420 ]
40 silly gunzTarPerm extractEntry lib/keyHandlers/arrowKeys.js
41 silly gunzTarPerm modified mode [ 'lib/keyHandlers/arrowKeys.js', 438, 420 ]
42 silly gunzTarPerm extractEntry lib/keyHandlers/controlKeys.js
43 silly gunzTarPerm modified mode [ 'lib/keyHandlers/controlKeys.js', 438, 420 ]
44 silly gunzTarPerm extractEntry lib/keyHandlers/editKeys.js
45 silly gunzTarPerm modified mode [ 'lib/keyHandlers/editKeys.js', 438, 420 ]
46 silly gunzTarPerm extractEntry lib/keyHandlers/index.js
47 silly gunzTarPerm modified mode [ 'lib/keyHandlers/index.js', 438, 420 ]
48 silly gunzTarPerm extractEntry readme.md
49 silly gunzTarPerm modified mode [ 'readme.md', 438, 420 ]
50 silly gunzTarPerm extractEntry test/historyTest.js
51 silly gunzTarPerm modified mode [ 'test/historyTest.js', 438, 420 ]
52 silly lockFile ecc70c6e-27484-0-0735758941154927-package tar:///home/IDEAIS/jeferson.leao/tmp/npm-13950-ZJuSHS_D/1404924727484-0.0735758941154927/package
53 silly lockFile ecc70c6e-27484-0-0735758941154927-package tar:///home/IDEAIS/jeferson.leao/tmp/npm-13950-ZJuSHS_D/1404924727484-0.0735758941154927/package
54 silly lockFile 9bc5217e-27484-0-0735758941154927-tmp-tgz tar:///home/IDEAIS/jeferson.leao/tmp/npm-13950-ZJuSHS_D/1404924727484-0.0735758941154927/tmp.tgz
55 silly lockFile 9bc5217e-27484-0-0735758941154927-tmp-tgz tar:///home/IDEAIS/jeferson.leao/tmp/npm-13950-ZJuSHS_D/1404924727484-0.0735758941154927/tmp.tgz
56 verbose tar pack [ '/home/IDEAIS/jeferson.leao/.npm/nsh/0.0.0/package.tgz',
56 verbose tar pack   '/home/IDEAIS/jeferson.leao/tmp/npm-13950-ZJuSHS_D/1404924727484-0.0735758941154927/package' ]
57 verbose tarball /home/IDEAIS/jeferson.leao/.npm/nsh/0.0.0/package.tgz
58 verbose folder /home/IDEAIS/jeferson.leao/tmp/npm-13950-ZJuSHS_D/1404924727484-0.0735758941154927/package
59 silly lockFile ecc70c6e-27484-0-0735758941154927-package tar:///home/IDEAIS/jeferson.leao/tmp/npm-13950-ZJuSHS_D/1404924727484-0.0735758941154927/package
60 verbose lock tar:///home/IDEAIS/jeferson.leao/tmp/npm-13950-ZJuSHS_D/1404924727484-0.0735758941154927/package /home/IDEAIS/jeferson.leao/.npm/ecc70c6e-27484-0-0735758941154927-package.lock
61 silly lockFile d8c150cb-n-leao-npm-nsh-0-0-0-package-tgz tar:///home/IDEAIS/jeferson.leao/.npm/nsh/0.0.0/package.tgz
62 verbose lock tar:///home/IDEAIS/jeferson.leao/.npm/nsh/0.0.0/package.tgz /home/IDEAIS/jeferson.leao/.npm/d8c150cb-n-leao-npm-nsh-0-0-0-package-tgz.lock
63 silly lockFile ecc70c6e-27484-0-0735758941154927-package tar:///home/IDEAIS/jeferson.leao/tmp/npm-13950-ZJuSHS_D/1404924727484-0.0735758941154927/package
64 silly lockFile ecc70c6e-27484-0-0735758941154927-package tar:///home/IDEAIS/jeferson.leao/tmp/npm-13950-ZJuSHS_D/1404924727484-0.0735758941154927/package
65 silly lockFile d8c150cb-n-leao-npm-nsh-0-0-0-package-tgz tar:///home/IDEAIS/jeferson.leao/.npm/nsh/0.0.0/package.tgz
66 silly lockFile d8c150cb-n-leao-npm-nsh-0-0-0-package-tgz tar:///home/IDEAIS/jeferson.leao/.npm/nsh/0.0.0/package.tgz
67 silly lockFile 4db58630-erson-leao-npm-nsh-0-0-0-package /home/IDEAIS/jeferson.leao/.npm/nsh/0.0.0/package
68 verbose lock /home/IDEAIS/jeferson.leao/.npm/nsh/0.0.0/package /home/IDEAIS/jeferson.leao/.npm/4db58630-erson-leao-npm-nsh-0-0-0-package.lock
69 silly lockFile 4db58630-erson-leao-npm-nsh-0-0-0-package /home/IDEAIS/jeferson.leao/.npm/nsh/0.0.0/package
70 silly lockFile 4db58630-erson-leao-npm-nsh-0-0-0-package /home/IDEAIS/jeferson.leao/.npm/nsh/0.0.0/package
71 verbose tar unpack /home/IDEAIS/jeferson.leao/.npm/nsh/0.0.0/package.tgz
72 silly lockFile 7612a5e2-erson-leao-npm-nsh-0-0-0-package tar:///home/IDEAIS/jeferson.leao/.npm/nsh/0.0.0/package
73 verbose lock tar:///home/IDEAIS/jeferson.leao/.npm/nsh/0.0.0/package /home/IDEAIS/jeferson.leao/.npm/7612a5e2-erson-leao-npm-nsh-0-0-0-package.lock
74 silly lockFile d8c150cb-n-leao-npm-nsh-0-0-0-package-tgz tar:///home/IDEAIS/jeferson.leao/.npm/nsh/0.0.0/package.tgz
75 verbose lock tar:///home/IDEAIS/jeferson.leao/.npm/nsh/0.0.0/package.tgz /home/IDEAIS/jeferson.leao/.npm/d8c150cb-n-leao-npm-nsh-0-0-0-package-tgz.lock
76 silly gunzTarPerm modes [ '755', '644' ]
77 silly gunzTarPerm extractEntry package.json
78 silly gunzTarPerm extractEntry .npmignore
79 silly gunzTarPerm extractEntry index.js
80 silly gunzTarPerm extractEntry lib/history.js
81 silly gunzTarPerm extractEntry lib/io.js
82 silly gunzTarPerm extractEntry lib/ioloop.js
83 silly gunzTarPerm extractEntry lib/session.js
84 silly gunzTarPerm extractEntry lib/keyHandlers/arrowKeys.js
85 silly gunzTarPerm extractEntry lib/keyHandlers/controlKeys.js
86 silly gunzTarPerm extractEntry lib/keyHandlers/editKeys.js
87 silly gunzTarPerm extractEntry lib/keyHandlers/index.js
88 silly gunzTarPerm extractEntry readme.md
89 silly gunzTarPerm extractEntry test/historyTest.js
90 silly lockFile 7612a5e2-erson-leao-npm-nsh-0-0-0-package tar:///home/IDEAIS/jeferson.leao/.npm/nsh/0.0.0/package
91 silly lockFile 7612a5e2-erson-leao-npm-nsh-0-0-0-package tar:///home/IDEAIS/jeferson.leao/.npm/nsh/0.0.0/package
92 silly lockFile d8c150cb-n-leao-npm-nsh-0-0-0-package-tgz tar:///home/IDEAIS/jeferson.leao/.npm/nsh/0.0.0/package.tgz
93 silly lockFile d8c150cb-n-leao-npm-nsh-0-0-0-package-tgz tar:///home/IDEAIS/jeferson.leao/.npm/nsh/0.0.0/package.tgz
94 verbose chmod /home/IDEAIS/jeferson.leao/.npm/nsh/0.0.0/package.tgz 644
95 verbose chown /home/IDEAIS/jeferson.leao/.npm/nsh/0.0.0/package.tgz [ 756, 502 ]
96 silly lockFile 3a52ce78- .
97 silly lockFile 3a52ce78- .
98 silly publish { name: 'nsh',
98 silly publish   version: '0.0.0',
98 silly publish   description: 'a tool to create shell based apps in node',
98 silly publish   main: 'index.js',
98 silly publish   scripts: { test: 'mocha test' },
98 silly publish   author: { name: 'jsanchesleao' },
98 silly publish   license: 'ISC',
98 silly publish   dependencies: { lodash: '^2.4.1', keypress: '~0.2.1' },
98 silly publish   readme: 'still to create a decent readme file.',
98 silly publish   readmeFilename: 'readme.md',
98 silly publish   _id: 'nsh@0.0.0',
98 silly publish   dist: { shasum: 'fc1a3d130b0b5a5f6da13a585ffa0ba7167cfadb' },
98 silly publish   _from: '.' }
99 verbose url raw nsh
100 verbose url resolving [ 'https://registry.npmjs.org/', './nsh' ]
101 verbose url resolved https://registry.npmjs.org/nsh
102 info trying registry request attempt 1 at 13:52:09
103 http PUT https://registry.npmjs.org/nsh
104 http 201 https://registry.npmjs.org/nsh
105 verbose url raw nsh
106 verbose url resolving [ 'https://registry.npmjs.org/', './nsh' ]
107 verbose url resolved https://registry.npmjs.org/nsh
108 info trying registry request attempt 1 at 13:52:10
109 http GET https://registry.npmjs.org/nsh
110 http 200 https://registry.npmjs.org/nsh
111 error publish fail Cannot publish over existing version.
111 error publish fail Update the 'version' field in package.json and try again.
111 error publish fail
111 error publish fail If the previous version was published in error, see:
111 error publish fail     npm help unpublish
111 error publish fail
111 error publish fail To automatically increment version numbers, see:
111 error publish fail     npm help version
112 error System Linux 3.2.0-35-generic
113 error command "/usr/local/bin/node" "/usr/local/bin/npm" "publish"
114 error cwd /home/IDEAIS/jeferson.leao/projetos/nsh
115 error node -v v0.10.22
116 error npm -v 1.3.14
117 error code EPUBLISHCONFLICT
118 verbose exit [ 1, true ]
